[0m21:51:12.323031 [debug] [MainThread]: Sending event: {'category': 'dbt', 'action': 'invocation', 'label': 'start', 'context': [<snowplow_tracker.self_describing_json.SelfDescribingJson object at 0x0000019919195A90>, <snowplow_tracker.self_describing_json.SelfDescribingJson object at 0x0000019916A74190>, <snowplow_tracker.self_describing_json.SelfDescribingJson object at 0x000001991B59F890>]}


============================== 21:51:12.328776 | ea828813-d4ec-41de-bd2c-09070aa47940 ==============================
[0m21:51:12.328776 [info ] [MainThread]: Running with dbt=1.11.12
[0m21:51:12.329606 [debug] [MainThread]: running dbt with arguments {'static_parser': 'True', 'no_print': 'None', 'version_check': 'True', 'target_path': 'None', 'warn_error_options': 'WarnErrorOptionsV2(error=[], warn=[], silence=[])', 'printer_width': '80', 'write_json': 'True', 'empty': 'None', 'log_cache_events': 'False', 'introspect': 'True', 'cache_selected_only': 'False', 'log_format': 'default', 'debug': 'False', 'fail_fast': 'False', 'partial_parse': 'True', 'send_anonymous_usage_stats': 'True', 'quiet': 'False', 'warn_error': 'None', 'profiles_dir': 'C:\\Users\\TANISHA\\.dbt', 'use_colors': 'True', 'indirect_selection': 'eager', 'invocation_command': 'dbt debug', 'use_experimental_parser': 'False', 'log_path': 'logs'}
[0m21:51:12.355487 [info ] [MainThread]: dbt version: 1.11.12
[0m21:51:12.356126 [info ] [MainThread]: python version: 3.14.6
[0m21:51:12.356484 [info ] [MainThread]: python path: C:\Users\TANISHA\Desktop\credit-risk-scoring-engine\.venv\Scripts\python.exe
[0m21:51:12.356790 [info ] [MainThread]: os info: Windows-11-10.0.26100-SP0
[0m21:51:12.525683 [info ] [MainThread]: Using profiles dir at C:\Users\TANISHA\.dbt
[0m21:51:12.526453 [info ] [MainThread]: Using profiles.yml file at C:\Users\TANISHA\.dbt\profiles.yml
[0m21:51:12.526918 [info ] [MainThread]: Using dbt_project.yml file at C:\Users\TANISHA\Desktop\credit-risk-scoring-engine\dbt_project.yml
[0m21:51:12.542371 [info ] [MainThread]: adapter type: duckdb
[0m21:51:12.542811 [info ] [MainThread]: adapter version: 1.10.1
[0m21:51:12.543315 [info ] [MainThread]: Configuration:
[0m21:51:12.543595 [info ] [MainThread]:   profiles.yml file [[32mOK found and valid[0m]
[0m21:51:12.543875 [info ] [MainThread]:   dbt_project.yml file [[31mERROR not found[0m]
[0m21:51:12.544252 [info ] [MainThread]: Required dependencies:
[0m21:51:12.544750 [debug] [MainThread]: Executing "git --help"
[0m21:51:12.589649 [debug] [MainThread]: STDOUT: "b"usage: git [-v | --version] [-h | --help] [-C <path>] [-c <name>=<value>]\n           [--exec-path[=<path>]] [--html-path] [--man-path] [--info-path]\n           [-p | --paginate | -P | --no-pager] [--no-replace-objects] [--no-lazy-fetch]\n           [--no-optional-locks] [--no-advice] [--bare] [--git-dir=<path>]\n           [--work-tree=<path>] [--namespace=<name>] [--config-env=<name>=<envvar>]\n           <command> [<args>]\n\nThese are common Git commands used in various situations:\n\nstart a working area (see also: git help tutorial)\n   clone      Clone a repository into a new directory\n   init       Create an empty Git repository or reinitialize an existing one\n\nwork on the current change (see also: git help everyday)\n   add        Add file contents to the index\n   mv         Move or rename a file, a directory, or a symlink\n   restore    Restore working tree files\n   rm         Remove files from the working tree and from the index\n\nexamine the history and state (see also: git help revisions)\n   bisect     Use binary search to find the commit that introduced a bug\n   diff       Show changes between commits, commit and working tree, etc\n   grep       Print lines matching a pattern\n   log        Show commit logs\n   show       Show various types of objects\n   status     Show the working tree status\n\ngrow, mark and tweak your common history\n   backfill   Download missing objects in a partial clone\n   branch     List, create, or delete branches\n   commit     Record changes to the repository\n   history    EXPERIMENTAL: Rewrite history\n   merge      Join two or more development histories together\n   rebase     Reapply commits on top of another base tip\n   reset      Set `HEAD` or the index to a known state\n   switch     Switch branches\n   tag        Create, list, delete or verify tags\n\ncollaborate (see also: git help workflows)\n   fetch      Download objects and refs from another repository\n   pull       Fetch from and integrate with another repository or a local branch\n   push       Update remote refs along with associated objects\n\n'git help -a' and 'git help -g' list available subcommands and some\nconcept guides. See 'git help <command>' or 'git help <concept>'\nto read about a specific subcommand or concept.\nSee 'git help git' for an overview of the system.\n""
[0m21:51:12.590306 [debug] [MainThread]: STDERR: "b''"
[0m21:51:12.591063 [info ] [MainThread]:  - git [[32mOK found[0m]

[0m21:51:12.591834 [info ] [MainThread]: Connection:
[0m21:51:12.592870 [info ] [MainThread]:   database: credit_risk
[0m21:51:12.593596 [info ] [MainThread]:   schema: main
[0m21:51:12.594190 [info ] [MainThread]:   path: C:\Users\TANISHA\Desktop\credit-risk-scoring-engine\data\credit_risk.duckdb
[0m21:51:12.594638 [info ] [MainThread]:   config_options: None
[0m21:51:12.595148 [info ] [MainThread]:   extensions: None
[0m21:51:12.595571 [info ] [MainThread]:   settings: {}
[0m21:51:12.596061 [info ] [MainThread]:   external_root: .
[0m21:51:12.596487 [info ] [MainThread]:   use_credential_provider: None
[0m21:51:12.597112 [info ] [MainThread]:   attach: None
[0m21:51:12.597524 [info ] [MainThread]:   filesystems: None
[0m21:51:12.597820 [info ] [MainThread]:   remote: None
[0m21:51:12.598132 [info ] [MainThread]:   plugins: None
[0m21:51:12.598551 [info ] [MainThread]:   disable_transactions: False
[0m21:51:12.599162 [info ] [MainThread]: Registered adapter: duckdb=1.10.1
[0m21:51:13.064541 [debug] [MainThread]: Acquiring new duckdb connection 'debug'
[0m21:51:16.863173 [debug] [MainThread]: Using duckdb connection "debug"
[0m21:51:16.863446 [debug] [MainThread]: On debug: select 1 as id
[0m21:51:16.863610 [debug] [MainThread]: Opening a new connection, currently in state init
[0m21:51:16.894003 [debug] [MainThread]: SQL status: OK in 0.030 seconds
[0m21:51:16.894671 [debug] [MainThread]: On debug: Close
[0m21:51:16.895229 [info ] [MainThread]:   Connection test: [[32mOK connection ok[0m]

[0m21:51:16.895606 [info ] [MainThread]: [31m1 check failed:[0m
[0m21:51:16.895849 [info ] [MainThread]: Project loading failed for the following reason:
 project path <C:\Users\TANISHA\Desktop\credit-risk-scoring-engine\dbt_project.yml> not found

[0m21:51:16.896563 [debug] [MainThread]: Command `dbt debug` failed at 21:51:16.896476 after 4.85 seconds
[0m21:51:16.896773 [debug] [MainThread]: Connection 'debug' was properly closed.
[0m21:51:16.896969 [debug] [MainThread]: Sending event: {'category': 'dbt', 'action': 'invocation', 'label': 'end', 'context': [<snowplow_tracker.self_describing_json.SelfDescribingJson object at 0x000001991B647820>, <snowplow_tracker.self_describing_json.SelfDescribingJson object at 0x000001991B811D90>, <snowplow_tracker.self_describing_json.SelfDescribingJson object at 0x000001991B64E580>]}
[0m21:51:16.897201 [debug] [MainThread]: Flushing usage events
[0m21:51:18.241711 [debug] [MainThread]: An error was encountered while trying to flush usage events
